Ntalk no ar.
Cluster 96347 conectado
Ntalk no ar.
Cluster 96349 conectado
Ntalk no ar.
Cluster 96348 conectado
Ntalk no ar.
Cluster 96350 conectado
SESSION
{ cookie: { originalMaxAge: null, expires: null, httpOnly: true, path: '/' },
  csrfSecret: 'rLQAGlzMvxwA6AEAQO2sAzS-',
  usuario: 
   { _id: '5a4ba51a97bb79ae27192704',
     email: 'xo@mail.com',
     nome: 'xo' } }
=======
SESSION
{ cookie: { originalMaxAge: null, expires: null, httpOnly: true, path: '/' },
  csrfSecret: 'rLQAGlzMvxwA6AEAQO2sAzS-',
  usuario: 
   { _id: '5a4ba51a97bb79ae27192704',
     email: 'xo@mail.com',
     nome: 'xo' } }
=======
SESSION
{ cookie: { originalMaxAge: null, expires: null, httpOnly: true, path: '/' },
  csrfSecret: 'rLQAGlzMvxwA6AEAQO2sAzS-',
  usuario: 
   { _id: '5a4ba51a97bb79ae27192704',
     email: 'xo@mail.com',
     nome: 'xo' } }
=======
SESSION
{ cookie: { originalMaxAge: null, expires: null, httpOnly: true, path: '/' },
  csrfSecret: 'rLQAGlzMvxwA6AEAQO2sAzS-',
  usuario: 
   { _id: '5a4ba51a97bb79ae27192704',
     email: 'xo@mail.com',
     nome: 'xo' } }
=======
SESSION
{ cookie: { originalMaxAge: null, expires: null, httpOnly: true, path: '/' },
  csrfSecret: 'rLQAGlzMvxwA6AEAQO2sAzS-',
  usuario: 
   { _id: '5a4ba51a97bb79ae27192704',
     email: 'xo@mail.com',
     nome: 'xo' } }
=======
SESSION
{ cookie: { originalMaxAge: null, expires: null, httpOnly: true, path: '/' },
  csrfSecret: 'rLQAGlzMvxwA6AEAQO2sAzS-',
  usuario: 
   { _id: '5a4ba51a97bb79ae27192704',
     email: 'xo@mail.com',
     nome: 'xo' } }
=======
SESSION
{ cookie: { originalMaxAge: null, expires: null, httpOnly: true, path: '/' },
  csrfSecret: 'rLQAGlzMvxwA6AEAQO2sAzS-',
  usuario: 
   { _id: '5a4ba51a97bb79ae27192704',
     email: 'xo@mail.com',
     nome: 'xo' } }
=======
SESSION
{ cookie: { originalMaxAge: null, expires: null, httpOnly: true, path: '/' },
  csrfSecret: 'rLQAGlzMvxwA6AEAQO2sAzS-',
  usuario: 
   { _id: '5a4ba51a97bb79ae27192704',
     email: 'xo@mail.com',
     nome: 'xo' } }
=======
SESSION
{ cookie: { originalMaxAge: null, expires: null, httpOnly: true, path: '/' },
  csrfSecret: 'rLQAGlzMvxwA6AEAQO2sAzS-',
  usuario: 
   { _id: '5a4ba51a97bb79ae27192704',
     email: 'xo@mail.com',
     nome: 'xo' } }
=======
SESSION
{ cookie: { originalMaxAge: null, expires: null, httpOnly: true, path: '/' },
  csrfSecret: 'rLQAGlzMvxwA6AEAQO2sAzS-',
  usuario: 
   { _id: '5a4ba51a97bb79ae27192704',
     email: 'xo@mail.com',
     nome: 'xo' } }
=======
SESSION
{ cookie: { originalMaxAge: null, expires: null, httpOnly: true, path: '/' },
  csrfSecret: 'rLQAGlzMvxwA6AEAQO2sAzS-',
  usuario: 
   { _id: '5a4ba51a97bb79ae27192704',
     email: 'xo@mail.com',
     nome: 'xo' } }
=======
SESSION
{ cookie: { originalMaxAge: null, expires: null, httpOnly: true, path: '/' },
  csrfSecret: 'rLQAGlzMvxwA6AEAQO2sAzS-',
  usuario: 
   { _id: '5a4ba51a97bb79ae27192704',
     email: 'xo@mail.com',
     nome: 'xo' } }
=======
