0 info it worked if it ends with ok
1 verbose cli [ '/Users/caio/.nvm/versions/node/v6.11.1/bin/node',
1 verbose cli   '/Users/caio/.nvm/versions/node/v6.11.1/bin/npm',
1 verbose cli   'start' ]
2 info using npm@3.10.10
3 info using node@v6.11.1
4 verbose run-script [ 'prestart', 'start', 'poststart' ]
5 info lifecycle ntalk@0.0.1~prestart: ntalk@0.0.1
6 silly lifecycle ntalk@0.0.1~prestart: no script for prestart, continuing
7 info lifecycle ntalk@0.0.1~start: ntalk@0.0.1
8 verbose lifecycle ntalk@0.0.1~start: unsafe-perm in lifecycle true
9 verbose lifecycle ntalk@0.0.1~start: PATH: /Users/caio/.nvm/versions/node/v6.11.1/lib/node_modules/npm/bin/node-gyp-bin:/Users/caio/Workspace/nodejs/livro-nodejs/capitulo-6/ntalk/node_modules/.bin:/usr/local/sbin:/Library/Java/JavaVirtualMachines/jdk1.8.0_65.jdk/Contents/Home/bin:/usr/local/heroku/bin:/Users/caio/Library/Android/ndk:/Users/caio/Library/Android/sdk/tools:/Users/caio/Library/Android/sdk/platform-tools:/Users/caio/.nvm/versions/node/v6.11.1/bin:/usr/local/bin:/usr/bin:/bin:/usr/sbin:/sbin:/opt/X11/bin
10 verbose lifecycle ntalk@0.0.1~start: CWD: /Users/caio/Workspace/nodejs/livro-nodejs/capitulo-6/ntalk
11 silly lifecycle ntalk@0.0.1~start: Args: [ '-c', 'node app.js' ]
12 silly lifecycle ntalk@0.0.1~start: Returned: code: 1  signal: null
13 info lifecycle ntalk@0.0.1~start: Failed to exec start script
14 verbose stack Error: ntalk@0.0.1 start: `node app.js`
14 verbose stack Exit status 1
14 verbose stack     at EventEmitter.<anonymous> (/Users/caio/.nvm/versions/node/v6.11.1/lib/node_modules/npm/lib/utils/lifecycle.js:255:16)
14 verbose stack     at emitTwo (events.js:106:13)
14 verbose stack     at EventEmitter.emit (events.js:191:7)
14 verbose stack     at ChildProcess.<anonymous> (/Users/caio/.nvm/versions/node/v6.11.1/lib/node_modules/npm/lib/utils/spawn.js:40:14)
14 verbose stack     at emitTwo (events.js:106:13)
14 verbose stack     at ChildProcess.emit (events.js:191:7)
14 verbose stack     at maybeClose (internal/child_process.js:891:16)
14 verbose stack     at Process.ChildProcess._handle.onexit (internal/child_process.js:226:5)
15 verbose pkgid ntalk@0.0.1
16 verbose cwd /Users/caio/Workspace/nodejs/livro-nodejs/capitulo-6/ntalk
17 error Darwin 16.7.0
18 error argv "/Users/caio/.nvm/versions/node/v6.11.1/bin/node" "/Users/caio/.nvm/versions/node/v6.11.1/bin/npm" "start"
19 error node v6.11.1
20 error npm  v3.10.10
21 error code ELIFECYCLE
22 error ntalk@0.0.1 start: `node app.js`
22 error Exit status 1
23 error Failed at the ntalk@0.0.1 start script 'node app.js'.
23 error Make sure you have the latest version of node.js and npm installed.
23 error If you do, this is most likely a problem with the ntalk package,
23 error not with npm itself.
23 error Tell the author that this fails on your system:
23 error     node app.js
23 error You can get information on how to open an issue for this project with:
23 error     npm bugs ntalk
23 error Or if that isn't available, you can get their info via:
23 error     npm owner ls ntalk
23 error There is likely additional logging output above.
24 verbose exit [ 1, true ]
