Ntalk no ar.
Ntalk no ar.
Ntalk no ar.
Ntalk no ar.
Ntalk no ar.
Ntalk no ar.
Ntalk no ar.
Ntalk no ar.
Ntalk no ar.
Cluster 2711 conectado
Cluster 2717 conectado
Cluster 2722 conectado
Cluster 2730 conectado
Cluster 2742 conectado
Cluster 2749 conectado
Cluster 2764 conectado
Cluster 2775 conectado
Cluster 2784 conectado
Ntalk no ar.
Cluster 2796 conectado
Ntalk no ar.
Cluster 2805 conectado
Ntalk no ar.
Cluster 2819 conectado
Ntalk no ar.
Ntalk no ar.
Ntalk no ar.
Ntalk no ar.
Ntalk no ar.
Ntalk no ar.
Ntalk no ar.
Ntalk no ar.
Ntalk no ar.
Cluster 2867 conectado
Cluster 2873 conectado
Cluster 2880 conectado
Cluster 2885 conectado
Cluster 2898 conectado
Cluster 2908 conectado
Cluster 2915 conectado
Cluster 2931 conectado
Cluster 2942 conectado
Ntalk no ar.
Cluster 2953 conectado
Ntalk no ar.
Cluster 2961 conectado
Ntalk no ar.
Cluster 2975 conectado
Ntalk no ar.
Ntalk no ar.
Ntalk no ar.
Ntalk no ar.
Ntalk no ar.
Ntalk no ar.
Ntalk no ar.
Ntalk no ar.
Ntalk no ar.
Cluster 3026 conectado
Cluster 3032 conectado
Cluster 3034 conectado
Cluster 3046 conectado
Cluster 3057 conectado
Cluster 3064 conectado
Cluster 3074 conectado
Cluster 3090 conectado
Cluster 3101 conectado
Ntalk no ar.
Cluster 3112 conectado
Ntalk no ar.
Cluster 3123 conectado
Ntalk no ar.
Cluster 3129 conectado
{
  nome: 'ca',
  email: 'caio',
  _id: new ObjectId("61427a4541e9491f560f1c5d")
}
{
  nome: 'ca',
  email: 'caio',
  _id: new ObjectId("61427a4541e9491f560f1c5d")
}
Ntalk no ar.
Ntalk no ar.
Ntalk no ar.
Ntalk no ar.
Ntalk no ar.
Ntalk no ar.
Ntalk no ar.
Ntalk no ar.
Ntalk no ar.
Cluster 3183 conectado
Cluster 3193 conectado
Cluster 3199 conectado
Cluster 3189 conectado
Cluster 3214 conectado
Cluster 3225 conectado
Cluster 3236 conectado
Cluster 3245 conectado
Cluster 3258 conectado
Ntalk no ar.
Cluster 3269 conectado
Ntalk no ar.
Cluster 3278 conectado
Ntalk no ar.
Cluster 3291 conectado
Ntalk no ar.
Ntalk no ar.
Ntalk no ar.
Ntalk no ar.
Ntalk no ar.
Ntalk no ar.
Ntalk no ar.
Ntalk no ar.
Ntalk no ar.
Cluster 3528 conectado
Cluster 3534 conectado
Cluster 3541 conectado
Cluster 3544 conectado
Cluster 3556 conectado
Cluster 3570 conectado
Cluster 3581 conectado
Cluster 3592 conectado
Cluster 3603 conectado
Ntalk no ar.
Cluster 3614 conectado
Ntalk no ar.
Cluster 3625 conectado
Ntalk no ar.
Cluster 3636 conectado
Ntalk no ar.
Ntalk no ar.
Ntalk no ar.
Ntalk no ar.
Ntalk no ar.
Ntalk no ar.
Ntalk no ar.
Ntalk no ar.
Ntalk no ar.
Cluster 3689 conectado
Cluster 3695 conectado
Cluster 3702 conectado
Cluster 3709 conectado
Cluster 3721 conectado
Cluster 3732 conectado
Cluster 3740 conectado
Cluster 3754 conectado
Cluster 3765 conectado
Ntalk no ar.
Cluster 3776 conectado
Ntalk no ar.
Cluster 3787 conectado
Ntalk no ar.
Cluster 3798 conectado
